2026-03-21 15:29:42.626: [INFO][Sync] SyncState after authenticated was: FeatureNotSetup
2026-03-21 15:29:43.099: [INFO][SyncAuthManager::SetLastAuthError] Current auth error: None
2026-03-21 15:29:43.099: [INFO][SyncAuthManager::EdgeLogTokenErrorState] Token error with: None for account type: MSA
2026-03-21 15:29:43.100: [INFO][Sync] Credentials changed for: EdgeSyncKeyDataScope
2026-03-21 20:33:37.225: [INFO][Sync] SyncState after authenticated was: FeatureNotSetup
2026-03-21 20:33:39.295: [INFO][SyncAuthManager::SetLastAuthError] Current auth error: None
2026-03-21 20:33:39.295: [INFO][SyncAuthManager::EdgeLogTokenErrorState] Token error with: None for account type: MSA
2026-03-21 20:33:39.295: [INFO][Sync] Credentials changed for: EdgeSyncKeyDataScope
2026-03-21 20:56:03.478: [INFO][Sync] SyncState after authenticated was: FeatureNotSetup
2026-03-21 20:56:05.587: [INFO][SyncAuthManager::SetLastAuthError] Current auth error: None
2026-03-21 20:56:05.587: [INFO][SyncAuthManager::EdgeLogTokenErrorState] Token error with: None for account type: MSA
2026-03-21 20:56:05.587: [INFO][Sync] Credentials changed for: EdgeSyncKeyDataScope
2026-03-29 02:39:15.577: [INFO][Sync] SyncState after authenticated was: FeatureNotSetup
2026-03-29 02:57:33.149: [INFO][Sync] SyncState after authenticated was: FeatureNotSetup
2026-03-29 02:57:37.344: [INFO][SyncAuthManager::SetLastAuthError] Current auth error: None
2026-03-29 02:57:37.344: [INFO][SyncAuthManager::EdgeLogTokenErrorState] Token error with: None for account type: MSA
2026-03-29 02:57:37.344: [INFO][Sync] Credentials changed for: EdgeSyncKeyDataScope
2026-03-29 02:57:42.058: [INFO][Sync] Reset engine, reason: 0
2026-03-29 03:10:39.177: [INFO][Sync] SyncState after authenticated was: FeatureNotSetup
2026-03-29 03:10:43.012: [INFO][SyncAuthManager::SetLastAuthError] Current auth error: None
2026-03-29 03:10:43.012: [INFO][SyncAuthManager::EdgeLogTokenErrorState] Token error with: None for account type: MSA
2026-03-29 03:10:43.012: [INFO][Sync] Credentials changed for: EdgeSyncKeyDataScope
2026-03-29 04:10:49.681: [INFO][Sync] SyncState after authenticated was: FeatureNotSetup
2026-03-29 04:10:55.074: [INFO][SyncAuthManager::SetLastAuthError] Current auth error: None
2026-03-29 04:10:55.074: [INFO][SyncAuthManager::EdgeLogTokenErrorState] Token error with: None for account type: MSA
2026-03-29 04:10:55.075: [INFO][Sync] Credentials changed for: EdgeSyncKeyDataScope
